<?xml version="1.0" encoding="UTF-8"?>
<testng-results ignored="0" total="1" passed="1" failed="0" skipped="0">
  <reporter-output>
  </reporter-output>
  <suite started-at="2024-02-26T10:34:45 IST" name="Suite" finished-at="2024-02-26T10:35:26 IST" duration-ms="40549">
    <groups>
      <group name="cucumber">
        <method signature="AbstractTestNGCucumberTests.runScenario(io.cucumber.testng.PickleWrapper,io.cucumber.testng.FeatureWrapper)[pri:0, instance:com.IdentifyNewBikes.testRunner.testRun@563f38c4]" name="runScenario" class="io.cucumber.testng.AbstractTestNGCucumberTests"/>
      </group> <!-- cucumber -->
    </groups>
    <test started-at="2024-02-26T10:34:45 IST" name="Test" finished-at="2024-02-26T10:35:26 IST" duration-ms="40549">
      <class name="com.IdentifyNewBikes.testRunner.testRun">
        <test-method is-config="true" signature="setUpClass(org.testng.ITestContext)[pri:0, instance:com.IdentifyNewBikes.testRunner.testRun@563f38c4]" started-at="2024-02-26T10:34:46 IST" name="setUpClass" finished-at="2024-02-26T10:34:49 IST" duration-ms="3288" status="PASS">
          <params>
            <param index="0">
              <value>
                <![CDATA[org.testng.TestRunner@39b85a73]]>
              </value>
            </param>
          </params>
          <reporter-output>
          </reporter-output>
        </test-method> <!-- setUpClass -->
        <test-method signature="runScenario(io.cucumber.testng.PickleWrapper,io.cucumber.testng.FeatureWrapper)[pri:0, instance:com.IdentifyNewBikes.testRunner.testRun@563f38c4]" started-at="2024-02-26T10:34:49 IST" name="runScenario" description="Runs Cucumber Scenarios" data-provider="scenarios" finished-at="2024-02-26T10:35:19 IST" duration-ms="30605" status="PASS">
          <params>
            <param index="0">
              <value>
                <![CDATA["login functionality"]]>
              </value>
            </param>
            <param index="1">
              <value>
                <![CDATA["Identify New Bikes"]]>
              </value>
            </param>
          </params>
          <reporter-output>
          </reporter-output>
        </test-method> <!-- runScenario -->
        <test-method is-config="true" signature="tearDownClass()[pri:0, instance:com.IdentifyNewBikes.testRunner.testRun@563f38c4]" started-at="2024-02-26T10:35:19 IST" name="tearDownClass" finished-at="2024-02-26T10:35:26 IST" duration-ms="6546" status="PASS">
          <reporter-output>
          </reporter-output>
        </test-method> <!-- tearDownClass -->
      </class> <!-- com.IdentifyNewBikes.testRunner.testRun -->
    </test> <!-- Test -->
  </suite> <!-- Suite -->
</testng-results>
